<?xml version="1.0" encoding="UTF-8"?>
<!-- Generated by org.testng.reporters.JUnitReportReporter -->
<testsuite hostname="Sunnys-Air.domain.name" failures="0" tests="1" name="soucedemo.runner.LockedOutLogin" time="10.181" errors="0" timestamp="2024-01-05T23:10:14 IST" skipped="0">
  <testcase classname="soucedemo.runner.LockedOutLogin" name="runScenario" time="10.181"/>
</testsuite> <!-- soucedemo.runner.LockedOutLogin -->
