<?xml version="1.0" encoding="UTF-8"?>
<!-- Generated by org.testng.reporters.JUnitReportReporter -->
<testsuite hostname="Sunnys-MacBook-Air.local" failures="0" tests="2" name="com.amazon.testcase.HashMapDataProvider" time="22.326" errors="0" timestamp="2023-09-06T18:49:57 IST" skipped="0">
  <testcase classname="com.amazon.testcase.HashMapDataProvider" name="validateSearch" time="12.058"/>
  <testcase classname="com.amazon.testcase.HashMapDataProvider" name="validateSearch" time="10.268"/>
</testsuite> <!-- com.amazon.testcase.HashMapDataProvider -->
