<?xml version="1.0" encoding="UTF-8"?>
<!-- Generated by org.testng.reporters.JUnitReportReporter -->
<testsuite hostname="Sunnys-Air.domain.name" failures="0" tests="2" name="seleniumTest.BasicTest" time="28.486" errors="0" timestamp="2023-12-21T18:33:07 IST" skipped="0">
  <testcase classname="seleniumTest.BasicTest" name="WindowHandle" time="27.263"/>
  <testcase classname="seleniumTest.BasicTest" name="ActionsClass" time="1.223"/>
</testsuite> <!-- seleniumTest.BasicTest -->
