<?xml version="1.0" encoding="UTF-8"?>
<!-- Generated by org.testng.reporters.JUnitReportReporter -->
<testsuite hostname="Sunnys-Air.domain.name" failures="0" tests="1" name="soucedemo.runner.FacadeLogin" time="18.261" errors="0" timestamp="2024-01-05T19:27:14 IST" skipped="0">
  <testcase classname="soucedemo.runner.FacadeLogin" name="runScenario" time="18.261"/>
</testsuite> <!-- soucedemo.runner.FacadeLogin -->
