<?xml version="1.0" encoding="UTF-8"?>
<!-- Generated by org.testng.reporters.JUnitReportReporter -->
<testsuite hostname="Sunnys-Air.domain.name" failures="0" tests="2" name="runner.SouceDemo" time="37.186" errors="0" timestamp="2024-01-05T19:22:36 IST" skipped="0">
  <testcase classname="runner.SouceDemo" name="runScenario" time="18.593"/>
  <testcase classname="runner.SouceDemo" name="runScenario" time="18.593"/>
</testsuite> <!-- runner.SouceDemo -->
