<?xml version="1.0" encoding="UTF-8"?>
<!-- Generated by org.testng.reporters.JUnitReportReporter -->
<testsuite hostname="Sunnys-Air.domain.name" failures="0" tests="1" name="testNG.TestNG" time="12.956" errors="0" timestamp="2023-12-17T23:07:10 IST" skipped="0">
  <testcase classname="testNG.TestNG" name="Text" time="12.956"/>
</testsuite> <!-- testNG.TestNG -->
