<?xml version="1.0" encoding="UTF-8"?>
<!-- Generated by org.testng.reporters.JUnitReportReporter -->
<testsuite hostname="Sunnys-MacBook-Air.local" failures="0" tests="1" name="com.amazon.testcase.TestTestcase" time="0.003" errors="0" timestamp="2023-09-06T14:20:05 IST" skipped="0">
  <testcase classname="com.amazon.testcase.TestTestcase" name="logininamazon" time="0.003"/>
</testsuite> <!-- com.amazon.testcase.TestTestcase -->
