<?xml version="1.0" encoding="UTF-8"?>
<!-- Generated by org.testng.reporters.JUnitReportReporter -->
<testsuite hostname="Sunnys-Air.domain.name" failures="0" tests="1" name="demoqa.testcases.TS1" time="7.612" errors="0" timestamp="2023-12-23T14:25:57 IST" skipped="0">
  <testcase classname="demoqa.testcases.TS1" name="validateDemoQADashboard" time="7.612">
    <system-out>
      <![CDATA[Starting Validation ---------------------->>>
Validation Completed ------------------------>>>]]>
    </system-out>
  </testcase> <!-- validateDemoQADashboard -->
  <system-out>
    <![CDATA[Starting Validation ---------------------->>>
Validation Completed ------------------------>>>]]>
  </system-out>
</testsuite> <!-- demoqa.testcases.TS1 -->
