<?xml version="1.0" encoding="UTF-8"?>
<!-- Generated by org.testng.reporters.JUnitReportReporter -->
<testsuite hostname="Sunnys-Air.domain.name" failures="0" tests="1" name="soucedemo.runner.LockedOutLogin" time="8.343" errors="0" timestamp="2024-01-05T19:27:14 IST" skipped="0">
  <testcase classname="soucedemo.runner.LockedOutLogin" name="runScenario" time="8.343"/>
</testsuite> <!-- soucedemo.runner.LockedOutLogin -->
