<?xml version="1.0" encoding="UTF-8"?>
<!-- Generated by org.testng.reporters.JUnitReportReporter -->
<testsuite hostname="Sunnys-Air.domain.name" failures="0" tests="2" name="runner.SouceDemo" time="13.785" errors="0" timestamp="2024-01-02T23:15:48 IST" skipped="0">
  <testcase classname="runner.SouceDemo" name="runScenario" time="6.892"/>
  <testcase classname="runner.SouceDemo" name="runScenario" time="6.893"/>
</testsuite> <!-- runner.SouceDemo -->
