<?xml version="1.0" encoding="UTF-8"?>
<!-- Generated by org.testng.reporters.JUnitReportReporter -->
<testsuite hostname="Sunnys-MacBook-Air.local" failures="0" tests="3" name="mercurytours.LoginTest" time="0.000" errors="1" timestamp="2023-12-30T10:50:58 IST" skipped="2">
  <testcase classname="mercurytours.LoginTest" name="init" time="0.000">
    <error message="Unresolved compilation problems: 
	The method initDriver() is undefined for the type BaseClass
	The method getDriver() is undefined for the type BaseClass
" type="java.lang.Error">
      <![CDATA[java.lang.Error: Unresolved compilation problems: 
The method initDriver() is undefined for the type BaseClass
The method getDriver() is undefined for the type BaseClass

at mercurytours.LoginTest.init(LoginTest.java:20)
at java.base/jdk.internal.reflect.NativeMethodAccessorImpl.invoke0(Native Method)
at java.base/jdk.internal.reflect.NativeMethodAccessorImpl.invoke(NativeMethodAccessorImpl.java:77)
at java.base/jdk.internal.reflect.DelegatingMethodAccessorImpl.invoke(DelegatingMethodAccessorImpl.java:43)
at java.base/java.lang.reflect.Method.invoke(Method.java:568)
at org.testng.internal.invokers.MethodInvocationHelper.invokeMethod(MethodInvocationHelper.java:139)
at org.testng.internal.invokers.MethodInvocationHelper.invokeMethodConsideringTimeout(MethodInvocationHelper.java:69)
at org.testng.internal.invokers.ConfigInvoker.invokeConfigurationMethod(ConfigInvoker.java:390)
at org.testng.internal.invokers.ConfigInvoker.invokeConfigurations(ConfigInvoker.java:325)
at org.testng.internal.invokers.TestMethodWorker.invokeBeforeClassMethods(TestMethodWorker.java:180)
at org.testng.internal.invokers.TestMethodWorker.run(TestMethodWorker.java:122)
at java.base/java.util.ArrayList.forEach(ArrayList.java:1511)
at org.testng.TestRunner.privateRun(TestRunner.java:848)
at org.testng.TestRunner.run(TestRunner.java:621)
at org.testng.SuiteRunner.runTest(SuiteRunner.java:443)
at org.testng.SuiteRunner$SuiteWorker.run(SuiteRunner.java:481)
at org.testng.internal.thread.ThreadUtil.lambda$execute$0(ThreadUtil.java:58)
at java.base/java.util.concurrent.FutureTask.run(FutureTask.java:264)
at java.base/java.util.concurrent.ThreadPoolExecutor.runWorker(ThreadPoolExecutor.java:1136)
at java.base/java.util.concurrent.ThreadPoolExecutor$Worker.run(ThreadPoolExecutor.java:635)
at java.base/java.lang.Thread.run(Thread.java:833)
]]>
    </error>
  </testcase> <!-- init -->
  <testcase classname="mercurytours.LoginTest" name="login" time="0.000">
    <skipped/>
  </testcase> <!-- login -->
  <testcase classname="mercurytours.LoginTest" name="logout" time="0.000">
    <skipped/>
  </testcase> <!-- logout -->
  <system-out>
    <![CDATA[Issue in Taking screenshot
Issue in Taking screenshot]]>
  </system-out>
</testsuite> <!-- mercurytours.LoginTest -->
