<?xml version="1.0" encoding="UTF-8"?>
<!-- Generated by org.testng.reporters.JUnitReportReporter -->
<testsuite hostname="Sunnys-MacBook-Air.local" failures="0" tests="2" name="com.amazon.data.providers.HashMapDataProvider" time="25.048" errors="0" timestamp="2023-09-06T22:38:04 IST" skipped="0">
  <testcase classname="com.amazon.data.providers.HashMapDataProvider" name="validateSearch" time="9.429"/>
  <testcase classname="com.amazon.data.providers.HashMapDataProvider" name="validateSearch" time="15.619"/>
</testsuite> <!-- com.amazon.data.providers.HashMapDataProvider -->
