<?xml version="1.0" encoding="UTF-8"?>
<!-- Generated by org.testng.reporters.JUnitReportReporter -->
<testsuite hostname="Sunnys-MacBook-Air.local" failures="0" tests="2" name="com.amazon.testcase.SearchProducts" time="45.053" errors="0" timestamp="2023-09-06T17:55:13 IST" skipped="0">
  <testcase classname="com.amazon.testcase.SearchProducts" name="validateSearch" time="18.382"/>
  <testcase classname="com.amazon.testcase.SearchProducts" name="validateSearch" time="26.671"/>
</testsuite> <!-- com.amazon.testcase.SearchProducts -->
