<?xml version="1.0" encoding="UTF-8"?>
<!-- Generated by org.testng.reporters.JUnitReportReporter -->
<testsuite hostname="Sunnys-Air.domain.name" failures="0" tests="2" name="demoqa.testcases.UITest" time="17.062" errors="0" timestamp="2023-12-23T17:50:06 IST" skipped="0">
  <testcase classname="demoqa.testcases.UITest" name="validateDemoQALandingPage" time="9.512">
    <system-out>
      <![CDATA[#################### Starting Validation ##########################
#################### Validation Completed #############################]]>
    </system-out>
  </testcase> <!-- validateDemoQALandingPage -->
  <testcase classname="demoqa.testcases.UITest" name="validateDemoQAElementPage" time="7.550">
    <system-out>
      <![CDATA[#################### Starting Validation ##########################
#################### Validation Completed #############################]]>
    </system-out>
  </testcase> <!-- validateDemoQAElementPage -->
  <system-out>
    <![CDATA[#################### Starting Validation ##########################
#################### Validation Completed #############################
#################### Starting Validation ##########################
#################### Validation Completed #############################]]>
  </system-out>
</testsuite> <!-- demoqa.testcases.UITest -->
