<?xml version="1.0" encoding="UTF-8"?>
<!-- Generated by org.testng.reporters.JUnitReportReporter -->
<testsuite hostname="Sunnys-MacBook-Air.local" failures="0" tests="2" name="com.amazon.testcase.ObjectDataProvider" time="29.404" errors="0" timestamp="2023-09-06T18:49:57 IST" skipped="0">
  <testcase classname="com.amazon.testcase.ObjectDataProvider" name="validateSearch" time="13.943"/>
  <testcase classname="com.amazon.testcase.ObjectDataProvider" name="validateSearch" time="15.461"/>
</testsuite> <!-- com.amazon.testcase.ObjectDataProvider -->
