<?xml version="1.0" encoding="UTF-8"?>
<!-- Generated by org.testng.reporters.JUnitReportReporter -->
<testsuite hostname="Sunnys-MacBook-Air.local" failures="0" tests="1" name="com.amazon.testcase.AmazonLogin" time="2.474" errors="0" timestamp="2023-09-06T22:38:04 IST" skipped="0">
  <testcase classname="com.amazon.testcase.AmazonLogin" name="logininAmazon" time="2.474"/>
</testsuite> <!-- com.amazon.testcase.AmazonLogin -->
