<?xml version="1.0" encoding="UTF-8"?>
<!-- Generated by org.testng.reporters.JUnitReportReporter -->
<testsuite hostname="Sunnys-Air.domain.name" failures="0" tests="4" name="soucedemo.runner.Regression" time="38.431" errors="0" timestamp="2024-01-06T13:55:44 IST" skipped="0">
  <testcase classname="soucedemo.runner.Regression" name="runScenario" time="5.818"/>
  <testcase classname="soucedemo.runner.Regression" name="runScenario" time="5.591"/>
  <testcase classname="soucedemo.runner.Regression" name="runScenario" time="10.675"/>
  <testcase classname="soucedemo.runner.Regression" name="runScenario" time="16.347"/>
</testsuite> <!-- soucedemo.runner.Regression -->
