<?xml version="1.0" encoding="UTF-8"?>
<!-- Generated by org.testng.reporters.JUnitReportReporter -->
<testsuite hostname="Sunnys-Air.domain.name" failures="0" tests="1" name="demoqa.TestCases" time="14.408" errors="0" timestamp="2023-12-22T17:57:52 IST" skipped="0">
  <testcase classname="demoqa.TestCases" name="test" time="14.408"/>
</testsuite> <!-- demoqa.TestCases -->
