<?xml version="1.0" encoding="UTF-8"?>
<!-- Generated by org.testng.reporters.JUnitReportReporter -->
<testsuite hostname="Sunnys-Air.domain.name" failures="0" tests="1" name="testcases.TestCase1" time="5.341" errors="0" timestamp="2023-12-17T20:33:05 IST" skipped="0">
  <testcase classname="testcases.TestCase1" name="test" time="5.341"/>
</testsuite> <!-- testcases.TestCase1 -->
